<?xml version="1.0" encoding="UTF-8"?>
<testsuite xmlns:xsi="http://www.w3.org/2001/XMLSchema-instance" xsi:noNamespaceSchemaLocation="https://maven.apache.org/surefire/maven-surefire-plugin/xsd/surefire-test-report.xsd" name="com.markerhub.VueblogApplicationTests" time="5.942" tests="1" errors="0" skipped="0" failures="0">
  <properties>
    <property name="sun.desktop" value="windows"/>
    <property name="awt.toolkit" value="sun.awt.windows.WToolkit"/>
    <property name="file.encoding.pkg" value="sun.io"/>
    <property name="java.specification.version" value="1.8"/>
    <property name="sun.cpu.isalist" value="amd64"/>
    <property name="sun.jnu.encoding" value="GBK"/>
    <property name="java.class.path" value="D:\helloJava\vueblog-master\vueblog-java\target\test-classes;D:\helloJava\vueblog-master\vueblog-java\target\classes;E:\app\Maven\mavenRepository\org\springframework\boot\spring-boot-starter-web\2.2.6.RELEASE\spring-boot-starter-web-2.2.6.RELEASE.jar;E:\app\Maven\mavenRepository\org\springframework\boot\spring-boot-starter\2.2.6.RELEASE\spring-boot-starter-2.2.6.RELEASE.jar;E:\app\Maven\mavenRepository\org\springframework\boot\spring-boot-starter-logging\2.2.6.RELEASE\spring-boot-starter-logging-2.2.6.RELEASE.jar;E:\app\Maven\mavenRepository\ch\qos\logback\logback-classic\1.2.3\logback-classic-1.2.3.jar;E:\app\Maven\mavenRepository\ch\qos\logback\logback-core\1.2.3\logback-core-1.2.3.jar;E:\app\Maven\mavenRepository\org\apache\logging\log4j\log4j-to-slf4j\2.12.1\log4j-to-slf4j-2.12.1.jar;E:\app\Maven\mavenRepository\org\apache\logging\log4j\log4j-api\2.12.1\log4j-api-2.12.1.jar;E:\app\Maven\mavenRepository\org\slf4j\jul-to-slf4j\1.7.30\jul-to-slf4j-1.7.30.jar;E:\app\Maven\mavenRepository\jakarta\annotation\jakarta.annotation-api\1.3.5\jakarta.annotation-api-1.3.5.jar;E:\app\Maven\mavenRepository\org\yaml\snakeyaml\1.25\snakeyaml-1.25.jar;E:\app\Maven\mavenRepository\org\springframework\boot\spring-boot-starter-json\2.2.6.RELEASE\spring-boot-starter-json-2.2.6.RELEASE.jar;E:\app\Maven\mavenRepository\com\fasterxml\jackson\datatype\jackson-datatype-jdk8\2.10.3\jackson-datatype-jdk8-2.10.3.jar;E:\app\Maven\mavenRepository\com\fasterxml\jackson\datatype\jackson-datatype-jsr310\2.10.3\jackson-datatype-jsr310-2.10.3.jar;E:\app\Maven\mavenRepository\com\fasterxml\jackson\module\jackson-module-parameter-names\2.10.3\jackson-module-parameter-names-2.10.3.jar;E:\app\Maven\mavenRepository\org\springframework\boot\spring-boot-starter-tomcat\2.2.6.RELEASE\spring-boot-starter-tomcat-2.2.6.RELEASE.jar;E:\app\Maven\mavenRepository\org\apache\tomcat\embed\tomcat-embed-core\9.0.33\tomcat-embed-core-9.0.33.jar;E:\app\Maven\mavenRepository\org\apache\tomcat\embed\tomcat-embed-el\9.0.33\tomcat-embed-el-9.0.33.jar;E:\app\Maven\mavenRepository\org\apache\tomcat\embed\tomcat-embed-websocket\9.0.33\tomcat-embed-websocket-9.0.33.jar;E:\app\Maven\mavenRepository\org\springframework\boot\spring-boot-starter-validation\2.2.6.RELEASE\spring-boot-starter-validation-2.2.6.RELEASE.jar;E:\app\Maven\mavenRepository\jakarta\validation\jakarta.validation-api\2.0.2\jakarta.validation-api-2.0.2.jar;E:\app\Maven\mavenRepository\org\hibernate\validator\hibernate-validator\6.0.18.Final\hibernate-validator-6.0.18.Final.jar;E:\app\Maven\mavenRepository\org\jboss\logging\jboss-logging\3.4.1.Final\jboss-logging-3.4.1.Final.jar;E:\app\Maven\mavenRepository\com\fasterxml\classmate\1.5.1\classmate-1.5.1.jar;E:\app\Maven\mavenRepository\org\springframework\spring-web\5.2.5.RELEASE\spring-web-5.2.5.RELEASE.jar;E:\app\Maven\mavenRepository\org\springframework\spring-beans\5.2.5.RELEASE\spring-beans-5.2.5.RELEASE.jar;E:\app\Maven\mavenRepository\org\springframework\spring-webmvc\5.2.5.RELEASE\spring-webmvc-5.2.5.RELEASE.jar;E:\app\Maven\mavenRepository\org\springframework\spring-aop\5.2.5.RELEASE\spring-aop-5.2.5.RELEASE.jar;E:\app\Maven\mavenRepository\org\springframework\spring-context\5.2.5.RELEASE\spring-context-5.2.5.RELEASE.jar;E:\app\Maven\mavenRepository\org\springframework\spring-expression\5.2.5.RELEASE\spring-expression-5.2.5.RELEASE.jar;E:\app\Maven\mavenRepository\org\springframework\boot\spring-boot-devtools\2.2.6.RELEASE\spring-boot-devtools-2.2.6.RELEASE.jar;E:\app\Maven\mavenRepository\org\springframework\boot\spring-boot\2.2.6.RELEASE\spring-boot-2.2.6.RELEASE.jar;E:\app\Maven\mavenRepository\org\springframework\boot\spring-boot-autoconfigure\2.2.6.RELEASE\spring-boot-autoconfigure-2.2.6.RELEASE.jar;E:\app\Maven\mavenRepository\mysql\mysql-connector-java\8.0.19\mysql-connector-java-8.0.19.jar;E:\app\Maven\mavenRepository\org\projectlombok\lombok\1.18.12\lombok-1.18.12.jar;E:\app\Maven\mavenRepository\org\springframework\boot\spring-boot-starter-test\2.2.6.RELEASE\spring-boot-starter-test-2.2.6.RELEASE.jar;E:\app\Maven\mavenRepository\org\springframework\boot\spring-boot-test\2.2.6.RELEASE\spring-boot-test-2.2.6.RELEASE.jar;E:\app\Maven\mavenRepository\org\springframework\boot\spring-boot-test-autoconfigure\2.2.6.RELEASE\spring-boot-test-autoconfigure-2.2.6.RELEASE.jar;E:\app\Maven\mavenRepository\com\jayway\jsonpath\json-path\2.4.0\json-path-2.4.0.jar;E:\app\Maven\mavenRepository\net\minidev\json-smart\2.3\json-smart-2.3.jar;E:\app\Maven\mavenRepository\net\minidev\accessors-smart\1.2\accessors-smart-1.2.jar;E:\app\Maven\mavenRepository\org\ow2\asm\asm\5.0.4\asm-5.0.4.jar;E:\app\Maven\mavenRepository\org\slf4j\slf4j-api\1.7.30\slf4j-api-1.7.30.jar;E:\app\Maven\mavenRepository\jakarta\xml\bind\jakarta.xml.bind-api\2.3.3\jakarta.xml.bind-api-2.3.3.jar;E:\app\Maven\mavenRepository\jakarta\activation\jakarta.activation-api\1.2.2\jakarta.activation-api-1.2.2.jar;E:\app\Maven\mavenRepository\org\junit\jupiter\junit-jupiter\5.5.2\junit-jupiter-5.5.2.jar;E:\app\Maven\mavenRepository\org\junit\jupiter\junit-jupiter-api\5.5.2\junit-jupiter-api-5.5.2.jar;E:\app\Maven\mavenRepository\org\apiguardian\apiguardian-api\1.1.0\apiguardian-api-1.1.0.jar;E:\app\Maven\mavenRepository\org\opentest4j\opentest4j\1.2.0\opentest4j-1.2.0.jar;E:\app\Maven\mavenRepository\org\junit\platform\junit-platform-commons\1.5.2\junit-platform-commons-1.5.2.jar;E:\app\Maven\mavenRepository\org\junit\jupiter\junit-jupiter-params\5.5.2\junit-jupiter-params-5.5.2.jar;E:\app\Maven\mavenRepository\org\junit\jupiter\junit-jupiter-engine\5.5.2\junit-jupiter-engine-5.5.2.jar;E:\app\Maven\mavenRepository\org\junit\platform\junit-platform-engine\1.5.2\junit-platform-engine-1.5.2.jar;E:\app\Maven\mavenRepository\org\mockito\mockito-junit-jupiter\3.1.0\mockito-junit-jupiter-3.1.0.jar;E:\app\Maven\mavenRepository\org\assertj\assertj-core\3.13.2\assertj-core-3.13.2.jar;E:\app\Maven\mavenRepository\org\hamcrest\hamcrest\2.1\hamcrest-2.1.jar;E:\app\Maven\mavenRepository\org\mockito\mockito-core\3.1.0\mockito-core-3.1.0.jar;E:\app\Maven\mavenRepository\net\bytebuddy\byte-buddy\1.10.8\byte-buddy-1.10.8.jar;E:\app\Maven\mavenRepository\net\bytebuddy\byte-buddy-agent\1.10.8\byte-buddy-agent-1.10.8.jar;E:\app\Maven\mavenRepository\org\objenesis\objenesis\2.6\objenesis-2.6.jar;E:\app\Maven\mavenRepository\org\skyscreamer\jsonassert\1.5.0\jsonassert-1.5.0.jar;E:\app\Maven\mavenRepository\com\vaadin\external\google\android-json\0.0.20131108.vaadin1\android-json-0.0.20131108.vaadin1.jar;E:\app\Maven\mavenRepository\org\springframework\spring-core\5.2.5.RELEASE\spring-core-5.2.5.RELEASE.jar;E:\app\Maven\mavenRepository\org\springframework\spring-jcl\5.2.5.RELEASE\spring-jcl-5.2.5.RELEASE.jar;E:\app\Maven\mavenRepository\org\springframework\spring-test\5.2.5.RELEASE\spring-test-5.2.5.RELEASE.jar;E:\app\Maven\mavenRepository\org\xmlunit\xmlunit-core\2.6.4\xmlunit-core-2.6.4.jar;E:\app\Maven\mavenRepository\com\baomidou\mybatis-plus-boot-starter\3.2.0\mybatis-plus-boot-starter-3.2.0.jar;E:\app\Maven\mavenRepository\com\baomidou\mybatis-plus\3.2.0\mybatis-plus-3.2.0.jar;E:\app\Maven\mavenRepository\org\springframework\boot\spring-boot-starter-jdbc\2.2.6.RELEASE\spring-boot-starter-jdbc-2.2.6.RELEASE.jar;E:\app\Maven\mavenRepository\com\zaxxer\HikariCP\3.4.2\HikariCP-3.4.2.jar;E:\app\Maven\mavenRepository\org\springframework\spring-jdbc\5.2.5.RELEASE\spring-jdbc-5.2.5.RELEASE.jar;E:\app\Maven\mavenRepository\org\springframework\spring-tx\5.2.5.RELEASE\spring-tx-5.2.5.RELEASE.jar;E:\app\Maven\mavenRepository\org\springframework\boot\spring-boot-starter-freemarker\2.2.6.RELEASE\spring-boot-starter-freemarker-2.2.6.RELEASE.jar;E:\app\Maven\mavenRepository\org\freemarker\freemarker\2.3.30\freemarker-2.3.30.jar;E:\app\Maven\mavenRepository\org\springframework\spring-context-support\5.2.5.RELEASE\spring-context-support-5.2.5.RELEASE.jar;E:\app\Maven\mavenRepository\com\baomidou\mybatis-plus-generator\3.2.0\mybatis-plus-generator-3.2.0.jar;E:\app\Maven\mavenRepository\com\baomidou\mybatis-plus-extension\3.2.0\mybatis-plus-extension-3.2.0.jar;E:\app\Maven\mavenRepository\com\baomidou\mybatis-plus-core\3.2.0\mybatis-plus-core-3.2.0.jar;E:\app\Maven\mavenRepository\com\baomidou\mybatis-plus-annotation\3.2.0\mybatis-plus-annotation-3.2.0.jar;E:\app\Maven\mavenRepository\com\github\jsqlparser\jsqlparser\2.1\jsqlparser-2.1.jar;E:\app\Maven\mavenRepository\org\mybatis\mybatis\3.5.2\mybatis-3.5.2.jar;E:\app\Maven\mavenRepository\org\mybatis\mybatis-spring\2.0.2\mybatis-spring-2.0.2.jar;E:\app\Maven\mavenRepository\org\crazycake\shiro-redis-spring-boot-starter\3.2.1\shiro-redis-spring-boot-starter-3.2.1.jar;E:\app\Maven\mavenRepository\org\crazycake\shiro-redis\3.2.0\shiro-redis-3.2.0.jar;E:\app\Maven\mavenRepository\redis\clients\jedis\3.1.0\jedis-3.1.0.jar;E:\app\Maven\mavenRepository\org\apache\commons\commons-pool2\2.7.0\commons-pool2-2.7.0.jar;E:\app\Maven\mavenRepository\org\apache\shiro\shiro-core\1.3.2\shiro-core-1.3.2.jar;E:\app\Maven\mavenRepository\commons-beanutils\commons-beanutils\1.8.3\commons-beanutils-1.8.3.jar;E:\app\Maven\mavenRepository\com\puppycrawl\tools\checkstyle\8.3\checkstyle-8.3.jar;E:\app\Maven\mavenRepository\antlr\antlr\2.7.7\antlr-2.7.7.jar;E:\app\Maven\mavenRepository\org\antlr\antlr4-runtime\4.7\antlr4-runtime-4.7.jar;E:\app\Maven\mavenRepository\commons-cli\commons-cli\1.4\commons-cli-1.4.jar;E:\app\Maven\mavenRepository\com\google\guava\guava\23.0\guava-23.0.jar;E:\app\Maven\mavenRepository\com\google\code\findbugs\jsr305\1.3.9\jsr305-1.3.9.jar;E:\app\Maven\mavenRepository\com\google\errorprone\error_prone_annotations\2.0.18\error_prone_annotations-2.0.18.jar;E:\app\Maven\mavenRepository\com\google\j2objc\j2objc-annotations\1.1\j2objc-annotations-1.1.jar;E:\app\Maven\mavenRepository\org\codehaus\mojo\animal-sniffer-annotations\1.14\animal-sniffer-annotations-1.14.jar;E:\app\Maven\mavenRepository\net\sf\saxon\Saxon-HE\9.8.0-4\Saxon-HE-9.8.0-4.jar;E:\environment\jdk\jre\..\lib\tools.jar;E:\app\Maven\mavenRepository\org\apache\shiro\shiro-spring-boot-web-starter\1.4.0-RC2\shiro-spring-boot-web-starter-1.4.0-RC2.jar;E:\app\Maven\mavenRepository\org\apache\shiro\shiro-spring\1.4.0-RC2\shiro-spring-1.4.0-RC2.jar;E:\app\Maven\mavenRepository\org\apache\shiro\shiro-web\1.4.0-RC2\shiro-web-1.4.0-RC2.jar;E:\app\Maven\mavenRepository\cn\hutool\hutool-all\5.3.3\hutool-all-5.3.3.jar;E:\app\Maven\mavenRepository\io\jsonwebtoken\jjwt\0.9.1\jjwt-0.9.1.jar;E:\app\Maven\mavenRepository\com\fasterxml\jackson\core\jackson-databind\2.10.3\jackson-databind-2.10.3.jar;E:\app\Maven\mavenRepository\com\fasterxml\jackson\core\jackson-annotations\2.10.3\jackson-annotations-2.10.3.jar;E:\app\Maven\mavenRepository\com\fasterxml\jackson\core\jackson-core\2.10.3\jackson-core-2.10.3.jar;"/>
    <property name="java.vm.vendor" value="Oracle Corporation"/>
    <property name="sun.arch.data.model" value="64"/>
    <property name="user.variant" value=""/>
    <property name="java.vendor.url" value="http://java.oracle.com/"/>
    <property name="user.timezone" value="Asia/Shanghai"/>
    <property name="java.vm.specification.version" value="1.8"/>
    <property name="os.name" value="Windows 10"/>
    <property name="user.country" value="CN"/>
    <property name="sun.java.launcher" value="SUN_STANDARD"/>
    <property name="sun.boot.library.path" value="E:\environment\jdk\jre\bin"/>
    <property name="sun.java.command" value="C:\Users\asus\AppData\Local\Temp\surefire6099340745263469259\surefirebooter7276738166607935936.jar C:\Users\asus\AppData\Local\Temp\surefire6099340745263469259 2023-05-18T11-06-22_715-jvmRun1 surefire3954936989830116570tmp surefire_04512147171395807289tmp"/>
    <property name="surefire.test.class.path" value="D:\helloJava\vueblog-master\vueblog-java\target\test-classes;D:\helloJava\vueblog-master\vueblog-java\target\classes;E:\app\Maven\mavenRepository\org\springframework\boot\spring-boot-starter-web\2.2.6.RELEASE\spring-boot-starter-web-2.2.6.RELEASE.jar;E:\app\Maven\mavenRepository\org\springframework\boot\spring-boot-starter\2.2.6.RELEASE\spring-boot-starter-2.2.6.RELEASE.jar;E:\app\Maven\mavenRepository\org\springframework\boot\spring-boot-starter-logging\2.2.6.RELEASE\spring-boot-starter-logging-2.2.6.RELEASE.jar;E:\app\Maven\mavenRepository\ch\qos\logback\logback-classic\1.2.3\logback-classic-1.2.3.jar;E:\app\Maven\mavenRepository\ch\qos\logback\logback-core\1.2.3\logback-core-1.2.3.jar;E:\app\Maven\mavenRepository\org\apache\logging\log4j\log4j-to-slf4j\2.12.1\log4j-to-slf4j-2.12.1.jar;E:\app\Maven\mavenRepository\org\apache\logging\log4j\log4j-api\2.12.1\log4j-api-2.12.1.jar;E:\app\Maven\mavenRepository\org\slf4j\jul-to-slf4j\1.7.30\jul-to-slf4j-1.7.30.jar;E:\app\Maven\mavenRepository\jakarta\annotation\jakarta.annotation-api\1.3.5\jakarta.annotation-api-1.3.5.jar;E:\app\Maven\mavenRepository\org\yaml\snakeyaml\1.25\snakeyaml-1.25.jar;E:\app\Maven\mavenRepository\org\springframework\boot\spring-boot-starter-json\2.2.6.RELEASE\spring-boot-starter-json-2.2.6.RELEASE.jar;E:\app\Maven\mavenRepository\com\fasterxml\jackson\datatype\jackson-datatype-jdk8\2.10.3\jackson-datatype-jdk8-2.10.3.jar;E:\app\Maven\mavenRepository\com\fasterxml\jackson\datatype\jackson-datatype-jsr310\2.10.3\jackson-datatype-jsr310-2.10.3.jar;E:\app\Maven\mavenRepository\com\fasterxml\jackson\module\jackson-module-parameter-names\2.10.3\jackson-module-parameter-names-2.10.3.jar;E:\app\Maven\mavenRepository\org\springframework\boot\spring-boot-starter-tomcat\2.2.6.RELEASE\spring-boot-starter-tomcat-2.2.6.RELEASE.jar;E:\app\Maven\mavenRepository\org\apache\tomcat\embed\tomcat-embed-core\9.0.33\tomcat-embed-core-9.0.33.jar;E:\app\Maven\mavenRepository\org\apache\tomcat\embed\tomcat-embed-el\9.0.33\tomcat-embed-el-9.0.33.jar;E:\app\Maven\mavenRepository\org\apache\tomcat\embed\tomcat-embed-websocket\9.0.33\tomcat-embed-websocket-9.0.33.jar;E:\app\Maven\mavenRepository\org\springframework\boot\spring-boot-starter-validation\2.2.6.RELEASE\spring-boot-starter-validation-2.2.6.RELEASE.jar;E:\app\Maven\mavenRepository\jakarta\validation\jakarta.validation-api\2.0.2\jakarta.validation-api-2.0.2.jar;E:\app\Maven\mavenRepository\org\hibernate\validator\hibernate-validator\6.0.18.Final\hibernate-validator-6.0.18.Final.jar;E:\app\Maven\mavenRepository\org\jboss\logging\jboss-logging\3.4.1.Final\jboss-logging-3.4.1.Final.jar;E:\app\Maven\mavenRepository\com\fasterxml\classmate\1.5.1\classmate-1.5.1.jar;E:\app\Maven\mavenRepository\org\springframework\spring-web\5.2.5.RELEASE\spring-web-5.2.5.RELEASE.jar;E:\app\Maven\mavenRepository\org\springframework\spring-beans\5.2.5.RELEASE\spring-beans-5.2.5.RELEASE.jar;E:\app\Maven\mavenRepository\org\springframework\spring-webmvc\5.2.5.RELEASE\spring-webmvc-5.2.5.RELEASE.jar;E:\app\Maven\mavenRepository\org\springframework\spring-aop\5.2.5.RELEASE\spring-aop-5.2.5.RELEASE.jar;E:\app\Maven\mavenRepository\org\springframework\spring-context\5.2.5.RELEASE\spring-context-5.2.5.RELEASE.jar;E:\app\Maven\mavenRepository\org\springframework\spring-expression\5.2.5.RELEASE\spring-expression-5.2.5.RELEASE.jar;E:\app\Maven\mavenRepository\org\springframework\boot\spring-boot-devtools\2.2.6.RELEASE\spring-boot-devtools-2.2.6.RELEASE.jar;E:\app\Maven\mavenRepository\org\springframework\boot\spring-boot\2.2.6.RELEASE\spring-boot-2.2.6.RELEASE.jar;E:\app\Maven\mavenRepository\org\springframework\boot\spring-boot-autoconfigure\2.2.6.RELEASE\spring-boot-autoconfigure-2.2.6.RELEASE.jar;E:\app\Maven\mavenRepository\mysql\mysql-connector-java\8.0.19\mysql-connector-java-8.0.19.jar;E:\app\Maven\mavenRepository\org\projectlombok\lombok\1.18.12\lombok-1.18.12.jar;E:\app\Maven\mavenRepository\org\springframework\boot\spring-boot-starter-test\2.2.6.RELEASE\spring-boot-starter-test-2.2.6.RELEASE.jar;E:\app\Maven\mavenRepository\org\springframework\boot\spring-boot-test\2.2.6.RELEASE\spring-boot-test-2.2.6.RELEASE.jar;E:\app\Maven\mavenRepository\org\springframework\boot\spring-boot-test-autoconfigure\2.2.6.RELEASE\spring-boot-test-autoconfigure-2.2.6.RELEASE.jar;E:\app\Maven\mavenRepository\com\jayway\jsonpath\json-path\2.4.0\json-path-2.4.0.jar;E:\app\Maven\mavenRepository\net\minidev\json-smart\2.3\json-smart-2.3.jar;E:\app\Maven\mavenRepository\net\minidev\accessors-smart\1.2\accessors-smart-1.2.jar;E:\app\Maven\mavenRepository\org\ow2\asm\asm\5.0.4\asm-5.0.4.jar;E:\app\Maven\mavenRepository\org\slf4j\slf4j-api\1.7.30\slf4j-api-1.7.30.jar;E:\app\Maven\mavenRepository\jakarta\xml\bind\jakarta.xml.bind-api\2.3.3\jakarta.xml.bind-api-2.3.3.jar;E:\app\Maven\mavenRepository\jakarta\activation\jakarta.activation-api\1.2.2\jakarta.activation-api-1.2.2.jar;E:\app\Maven\mavenRepository\org\junit\jupiter\junit-jupiter\5.5.2\junit-jupiter-5.5.2.jar;E:\app\Maven\mavenRepository\org\junit\jupiter\junit-jupiter-api\5.5.2\junit-jupiter-api-5.5.2.jar;E:\app\Maven\mavenRepository\org\apiguardian\apiguardian-api\1.1.0\apiguardian-api-1.1.0.jar;E:\app\Maven\mavenRepository\org\opentest4j\opentest4j\1.2.0\opentest4j-1.2.0.jar;E:\app\Maven\mavenRepository\org\junit\platform\junit-platform-commons\1.5.2\junit-platform-commons-1.5.2.jar;E:\app\Maven\mavenRepository\org\junit\jupiter\junit-jupiter-params\5.5.2\junit-jupiter-params-5.5.2.jar;E:\app\Maven\mavenRepository\org\junit\jupiter\junit-jupiter-engine\5.5.2\junit-jupiter-engine-5.5.2.jar;E:\app\Maven\mavenRepository\org\junit\platform\junit-platform-engine\1.5.2\junit-platform-engine-1.5.2.jar;E:\app\Maven\mavenRepository\org\mockito\mockito-junit-jupiter\3.1.0\mockito-junit-jupiter-3.1.0.jar;E:\app\Maven\mavenRepository\org\assertj\assertj-core\3.13.2\assertj-core-3.13.2.jar;E:\app\Maven\mavenRepository\org\hamcrest\hamcrest\2.1\hamcrest-2.1.jar;E:\app\Maven\mavenRepository\org\mockito\mockito-core\3.1.0\mockito-core-3.1.0.jar;E:\app\Maven\mavenRepository\net\bytebuddy\byte-buddy\1.10.8\byte-buddy-1.10.8.jar;E:\app\Maven\mavenRepository\net\bytebuddy\byte-buddy-agent\1.10.8\byte-buddy-agent-1.10.8.jar;E:\app\Maven\mavenRepository\org\objenesis\objenesis\2.6\objenesis-2.6.jar;E:\app\Maven\mavenRepository\org\skyscreamer\jsonassert\1.5.0\jsonassert-1.5.0.jar;E:\app\Maven\mavenRepository\com\vaadin\external\google\android-json\0.0.20131108.vaadin1\android-json-0.0.20131108.vaadin1.jar;E:\app\Maven\mavenRepository\org\springframework\spring-core\5.2.5.RELEASE\spring-core-5.2.5.RELEASE.jar;E:\app\Maven\mavenRepository\org\springframework\spring-jcl\5.2.5.RELEASE\spring-jcl-5.2.5.RELEASE.jar;E:\app\Maven\mavenRepository\org\springframework\spring-test\5.2.5.RELEASE\spring-test-5.2.5.RELEASE.jar;E:\app\Maven\mavenRepository\org\xmlunit\xmlunit-core\2.6.4\xmlunit-core-2.6.4.jar;E:\app\Maven\mavenRepository\com\baomidou\mybatis-plus-boot-starter\3.2.0\mybatis-plus-boot-starter-3.2.0.jar;E:\app\Maven\mavenRepository\com\baomidou\mybatis-plus\3.2.0\mybatis-plus-3.2.0.jar;E:\app\Maven\mavenRepository\org\springframework\boot\spring-boot-starter-jdbc\2.2.6.RELEASE\spring-boot-starter-jdbc-2.2.6.RELEASE.jar;E:\app\Maven\mavenRepository\com\zaxxer\HikariCP\3.4.2\HikariCP-3.4.2.jar;E:\app\Maven\mavenRepository\org\springframework\spring-jdbc\5.2.5.RELEASE\spring-jdbc-5.2.5.RELEASE.jar;E:\app\Maven\mavenRepository\org\springframework\spring-tx\5.2.5.RELEASE\spring-tx-5.2.5.RELEASE.jar;E:\app\Maven\mavenRepository\org\springframework\boot\spring-boot-starter-freemarker\2.2.6.RELEASE\spring-boot-starter-freemarker-2.2.6.RELEASE.jar;E:\app\Maven\mavenRepository\org\freemarker\freemarker\2.3.30\freemarker-2.3.30.jar;E:\app\Maven\mavenRepository\org\springframework\spring-context-support\5.2.5.RELEASE\spring-context-support-5.2.5.RELEASE.jar;E:\app\Maven\mavenRepository\com\baomidou\mybatis-plus-generator\3.2.0\mybatis-plus-generator-3.2.0.jar;E:\app\Maven\mavenRepository\com\baomidou\mybatis-plus-extension\3.2.0\mybatis-plus-extension-3.2.0.jar;E:\app\Maven\mavenRepository\com\baomidou\mybatis-plus-core\3.2.0\mybatis-plus-core-3.2.0.jar;E:\app\Maven\mavenRepository\com\baomidou\mybatis-plus-annotation\3.2.0\mybatis-plus-annotation-3.2.0.jar;E:\app\Maven\mavenRepository\com\github\jsqlparser\jsqlparser\2.1\jsqlparser-2.1.jar;E:\app\Maven\mavenRepository\org\mybatis\mybatis\3.5.2\mybatis-3.5.2.jar;E:\app\Maven\mavenRepository\org\mybatis\mybatis-spring\2.0.2\mybatis-spring-2.0.2.jar;E:\app\Maven\mavenRepository\org\crazycake\shiro-redis-spring-boot-starter\3.2.1\shiro-redis-spring-boot-starter-3.2.1.jar;E:\app\Maven\mavenRepository\org\crazycake\shiro-redis\3.2.0\shiro-redis-3.2.0.jar;E:\app\Maven\mavenRepository\redis\clients\jedis\3.1.0\jedis-3.1.0.jar;E:\app\Maven\mavenRepository\org\apache\commons\commons-pool2\2.7.0\commons-pool2-2.7.0.jar;E:\app\Maven\mavenRepository\org\apache\shiro\shiro-core\1.3.2\shiro-core-1.3.2.jar;E:\app\Maven\mavenRepository\commons-beanutils\commons-beanutils\1.8.3\commons-beanutils-1.8.3.jar;E:\app\Maven\mavenRepository\com\puppycrawl\tools\checkstyle\8.3\checkstyle-8.3.jar;E:\app\Maven\mavenRepository\antlr\antlr\2.7.7\antlr-2.7.7.jar;E:\app\Maven\mavenRepository\org\antlr\antlr4-runtime\4.7\antlr4-runtime-4.7.jar;E:\app\Maven\mavenRepository\commons-cli\commons-cli\1.4\commons-cli-1.4.jar;E:\app\Maven\mavenRepository\com\google\guava\guava\23.0\guava-23.0.jar;E:\app\Maven\mavenRepository\com\google\code\findbugs\jsr305\1.3.9\jsr305-1.3.9.jar;E:\app\Maven\mavenRepository\com\google\errorprone\error_prone_annotations\2.0.18\error_prone_annotations-2.0.18.jar;E:\app\Maven\mavenRepository\com\google\j2objc\j2objc-annotations\1.1\j2objc-annotations-1.1.jar;E:\app\Maven\mavenRepository\org\codehaus\mojo\animal-sniffer-annotations\1.14\animal-sniffer-annotations-1.14.jar;E:\app\Maven\mavenRepository\net\sf\saxon\Saxon-HE\9.8.0-4\Saxon-HE-9.8.0-4.jar;E:\environment\jdk\jre\..\lib\tools.jar;E:\app\Maven\mavenRepository\org\apache\shiro\shiro-spring-boot-web-starter\1.4.0-RC2\shiro-spring-boot-web-starter-1.4.0-RC2.jar;E:\app\Maven\mavenRepository\org\apache\shiro\shiro-spring\1.4.0-RC2\shiro-spring-1.4.0-RC2.jar;E:\app\Maven\mavenRepository\org\apache\shiro\shiro-web\1.4.0-RC2\shiro-web-1.4.0-RC2.jar;E:\app\Maven\mavenRepository\cn\hutool\hutool-all\5.3.3\hutool-all-5.3.3.jar;E:\app\Maven\mavenRepository\io\jsonwebtoken\jjwt\0.9.1\jjwt-0.9.1.jar;E:\app\Maven\mavenRepository\com\fasterxml\jackson\core\jackson-databind\2.10.3\jackson-databind-2.10.3.jar;E:\app\Maven\mavenRepository\com\fasterxml\jackson\core\jackson-annotations\2.10.3\jackson-annotations-2.10.3.jar;E:\app\Maven\mavenRepository\com\fasterxml\jackson\core\jackson-core\2.10.3\jackson-core-2.10.3.jar;"/>
    <property name="sun.cpu.endian" value="little"/>
    <property name="user.home" value="C:\Users\asus"/>
    <property name="user.language" value="zh"/>
    <property name="java.specification.vendor" value="Oracle Corporation"/>
    <property name="java.home" value="E:\environment\jdk\jre"/>
    <property name="basedir" value="D:\helloJava\vueblog-master\vueblog-java"/>
    <property name="file.separator" value="\"/>
    <property name="line.separator" value="&#10;"/>
    <property name="java.vm.specification.vendor" value="Oracle Corporation"/>
    <property name="java.specification.name" value="Java Platform API Specification"/>
    <property name="java.awt.graphicsenv" value="sun.awt.Win32GraphicsEnvironment"/>
    <property name="surefire.real.class.path" value="C:\Users\asus\AppData\Local\Temp\surefire6099340745263469259\surefirebooter7276738166607935936.jar"/>
    <property name="sun.boot.class.path" value="E:\environment\jdk\jre\lib\resources.jar;E:\environment\jdk\jre\lib\rt.jar;E:\environment\jdk\jre\lib\sunrsasign.jar;E:\environment\jdk\jre\lib\jsse.jar;E:\environment\jdk\jre\lib\jce.jar;E:\environment\jdk\jre\lib\charsets.jar;E:\environment\jdk\jre\lib\jfr.jar;E:\environment\jdk\jre\classes"/>
    <property name="user.script" value=""/>
    <property name="sun.management.compiler" value="HotSpot 64-Bit Tiered Compilers"/>
    <property name="java.runtime.version" value="1.8.0_131-b11"/>
    <property name="user.name" value="asus"/>
    <property name="path.separator" value=";"/>
    <property name="os.version" value="10.0"/>
    <property name="java.endorsed.dirs" value="E:\environment\jdk\jre\lib\endorsed"/>
    <property name="java.runtime.name" value="Java(TM) SE Runtime Environment"/>
    <property name="file.encoding" value="GBK"/>
    <property name="java.vm.name" value="Java HotSpot(TM) 64-Bit Server VM"/>
    <property name="localRepository" value="E:\app\Maven\mavenRepository"/>
    <property name="java.vendor.url.bug" value="http://bugreport.sun.com/bugreport/"/>
    <property name="java.io.tmpdir" value="C:\Users\asus\AppData\Local\Temp\"/>
    <property name="idea.version" value="2023.1"/>
    <property name="java.version" value="1.8.0_131"/>
    <property name="user.dir" value="D:\helloJava\vueblog-master\vueblog-java"/>
    <property name="os.arch" value="amd64"/>
    <property name="java.vm.specification.name" value="Java Virtual Machine Specification"/>
    <property name="java.awt.printerjob" value="sun.awt.windows.WPrinterJob"/>
    <property name="sun.os.patch.level" value=""/>
    <property name="java.library.path" value="E:\environment\jdk\jre\bin;C:\WINDOWS\Sun\Java\bin;C:\WINDOWS\system32;C:\WINDOWS;C:\Program Files\NVIDIA GPU Computing Toolkit\CUDA\v11.1\bin;C:\Program Files\NVIDIA GPU Computing Toolkit\CUDA\v11.1\libnvvp;E:\ANACONDA;E:\ANACONDA\Library\mingw-w64\bin;E:\ANACONDA\Library\usr\bin;E:\ANACONDA\Library\bin;E:\ANACONDA\Scripts;E:\environment\apache-maven-3.8.1\bin;E:\environment\jdk\bin;C:\ProgramData\Oracle\Java\javapath;E:\VMware\bin\;E:\app\asus\product\11.2.0\dbhome_1\bin;C:\Program Files\Java\jdk1.7.0_67\bin;C:\Windows\system32;C:\Windows;C:\Windows\System32\Wbem;C:\Windows\System32\WindowsPowerShell\v1.0\;C:\Windows\System32\OpenSSH\;C:\Program Files\Microsoft SQL Server\110\Tools\Binn\;C:\Program Files\NVIDIA Corporation\NVIDIA NvDLISR;C:\WINDOWS\system32;C:\WINDOWS;C:\WINDOWS\System32\Wbem;C:\WINDOWS\System32\WindowsPowerShell\v1.0\;C:\WINDOWS\System32\OpenSSH\;E:\putty\;C:\Program Files\Common Files\Autodesk Shared\;C:\Program Files (x86)\Autodesk\Backburner\;C:\Program Files\NVIDIA Corporation\Nsight Compute 2020.2.1\;C:\Program Files (x86)\NVIDIA Corporation\PhysX\Common;C:\Program Files\Microsoft SQL Server\120\Tools\Binn\;C:\Program Files\Microsoft SQL Server\130\Tools\Binn\;E:\app\Xshell\;E:\app\;E:\environment\nodejs\;E:\environment\nodejs\node_global\node_modules;E:\environment\nodejs\node_global;;%SystemRoot%\system32;%SystemRoot%;%SystemRoot%\System32\Wbem;%SYSTEMROOT%\System32\WindowsPowerShell\v1.0\;%SYSTEMROOT%\System32\OpenSSH\;D:\Python3.8\Scripts\;D:\Python3.8\;C:\Users\asus\AppData\Local\Microsoft\WindowsApps;D:\Tools\IDEA\IntelliJ IDEA 2021.2.1\bin;;E:\pyCharm\PyCharm Community Edition 2021.2.1\bin;D:\Git\PortableGit\bin;D:\Microsoft VS Code\bin;E:\app\MinGW\bin;C:\Users\asus\AppData\Local\JetBrains\Toolbox\scripts;C:\Users\asus\AppData\Roaming\npm;%USERPROFILE%\AppData\Local\Microsoft\WindowsApps;."/>
    <property name="java.vm.info" value="mixed mode"/>
    <property name="java.vendor" value="Oracle Corporation"/>
    <property name="java.vm.version" value="25.131-b11"/>
    <property name="java.ext.dirs" value="E:\environment\jdk\jre\lib\ext;C:\WINDOWS\Sun\Java\lib\ext"/>
    <property name="sun.io.unicode.encoding" value="UnicodeLittle"/>
    <property name="java.class.version" value="52.0"/>
  </properties>
  <testcase name="contextLoads" classname="com.markerhub.VueblogApplicationTests" time="0.402"/>
</testsuite>